This is pdfTeX, Version 3.141592653-2.6-1.40.24 (MiKTeX 22.1) (preloaded format=pdflatex 2022.3.11)  24 JUN 2022 13:29
entering extended mode
 restricted \write18 enabled.
 %&-line parsing enabled.
**./book_of_proof.tex
(book_of_proof.tex
LaTeX2e <2021-11-15> patch level 1
L3 programming layer <2022-02-24>
(C:\Users\bruno\AppData\Local\Programs\MiKTeX\tex/latex/base\book.cls
Document Class: book 2021/10/04 v1.4n Standard LaTeX document class
(C:\Users\bruno\AppData\Local\Programs\MiKTeX\tex/latex/base\bk11.clo
File: bk11.clo 2021/10/04 v1.4n Standard LaTeX file (size option)
)
\c@part=\count185
\c@chapter=\count186
\c@section=\count187
\c@subsection=\count188
\c@subsubsection=\count189
\c@paragraph=\count190
\c@subparagraph=\count191
\c@figure=\count192
\c@table=\count193
\abovecaptionskip=\skip47
\belowcaptionskip=\skip48
\bibindent=\dimen138
)
(C:\Users\bruno\AppData\Local\Programs\MiKTeX\tex/latex/base\fontenc.sty
Package: fontenc 2021/04/29 v2.0v Standard LaTeX package
)
(C:\Users\bruno\AppData\Local\Programs\MiKTeX\tex/latex/base\inputenc.sty
Package: inputenc 2021/02/14 v1.3d Input encoding file
\inpenc@prehook=\toks16
\inpenc@posthook=\toks17
)
(C:\Users\bruno\AppData\Local\Programs\MiKTeX\tex/latex/lm\lmodern.sty
Package: lmodern 2009/10/30 v1.6 Latin Modern Fonts
LaTeX Font Info:    Overwriting symbol font `operators' in version `normal'
(Font)                  OT1/cmr/m/n --> OT1/lmr/m/n on input line 22.
LaTeX Font Info:    Overwriting symbol font `letters' in version `normal'
(Font)                  OML/cmm/m/it --> OML/lmm/m/it on input line 23.
LaTeX Font Info:    Overwriting symbol font `symbols' in version `normal'
(Font)                  OMS/cmsy/m/n --> OMS/lmsy/m/n on input line 24.
LaTeX Font Info:    Overwriting symbol font `largesymbols' in version `normal'
(Font)                  OMX/cmex/m/n --> OMX/lmex/m/n on input line 25.
LaTeX Font Info:    Overwriting symbol font `operators' in version `bold'
(Font)                  OT1/cmr/bx/n --> OT1/lmr/bx/n on input line 26.
LaTeX Font Info:    Overwriting symbol font `letters' in version `bold'
(Font)                  OML/cmm/b/it --> OML/lmm/b/it on input line 27.
LaTeX Font Info:    Overwriting symbol font `symbols' in version `bold'
(Font)                  OMS/cmsy/b/n --> OMS/lmsy/b/n on input line 28.
LaTeX Font Info:    Overwriting symbol font `largesymbols' in version `bold'
(Font)                  OMX/cmex/m/n --> OMX/lmex/m/n on input line 29.
LaTeX Font Info:    Overwriting math alphabet `\mathbf' in version `normal'
(Font)                  OT1/cmr/bx/n --> OT1/lmr/bx/n on input line 31.
LaTeX Font Info:    Overwriting math alphabet `\mathsf' in version `normal'
(Font)                  OT1/cmss/m/n --> OT1/lmss/m/n on input line 32.
LaTeX Font Info:    Overwriting math alphabet `\mathit' in version `normal'
(Font)                  OT1/cmr/m/it --> OT1/lmr/m/it on input line 33.
LaTeX Font Info:    Overwriting math alphabet `\mathtt' in version `normal'
(Font)                  OT1/cmtt/m/n --> OT1/lmtt/m/n on input line 34.
LaTeX Font Info:    Overwriting math alphabet `\mathbf' in version `bold'
(Font)                  OT1/cmr/bx/n --> OT1/lmr/bx/n on input line 35.
LaTeX Font Info:    Overwriting math alphabet `\mathsf' in version `bold'
(Font)                  OT1/cmss/bx/n --> OT1/lmss/bx/n on input line 36.
LaTeX Font Info:    Overwriting math alphabet `\mathit' in version `bold'
(Font)                  OT1/cmr/bx/it --> OT1/lmr/bx/it on input line 37.
LaTeX Font Info:    Overwriting math alphabet `\mathtt' in version `bold'
(Font)                  OT1/cmtt/m/n --> OT1/lmtt/m/n on input line 38.
)
(C:\Users\bruno\AppData\Local\Programs\MiKTeX\tex/latex/hyperref\hyperref.sty
Package: hyperref 2022-02-21 v7.00n Hypertext links for LaTeX

(C:\Users\bruno\AppData\Local\Programs\MiKTeX\tex/generic/ltxcmds\ltxcmds.sty
Package: ltxcmds 2020-05-10 v1.25 LaTeX kernel commands for general use (HO)
)
(C:\Users\bruno\AppData\Local\Programs\MiKTeX\tex/generic/iftex\iftex.sty
Package: iftex 2022/02/03 v1.0f TeX engine tests
)
(C:\Users\bruno\AppData\Local\Programs\MiKTeX\tex/generic/pdftexcmds\pdftexcmds
.sty
Package: pdftexcmds 2020-06-27 v0.33 Utility functions of pdfTeX for LuaTeX (HO
)

(C:\Users\bruno\AppData\Local\Programs\MiKTeX\tex/generic/infwarerr\infwarerr.s
ty
Package: infwarerr 2019/12/03 v1.5 Providing info/warning/error messages (HO)
)
Package pdftexcmds Info: \pdf@primitive is available.
Package pdftexcmds Info: \pdf@ifprimitive is available.
Package pdftexcmds Info: \pdfdraftmode found.
)
(C:\Users\bruno\AppData\Local\Programs\MiKTeX\tex/latex/graphics\keyval.sty
Package: keyval 2014/10/28 v1.15 key=value parser (DPC)
\KV@toks@=\toks18
)
(C:\Users\bruno\AppData\Local\Programs\MiKTeX\tex/generic/kvsetkeys\kvsetkeys.s
ty
Package: kvsetkeys 2019/12/15 v1.18 Key value parser (HO)
)
(C:\Users\bruno\AppData\Local\Programs\MiKTeX\tex/generic/kvdefinekeys\kvdefine
keys.sty
Package: kvdefinekeys 2019-12-19 v1.6 Define keys (HO)
)
(C:\Users\bruno\AppData\Local\Programs\MiKTeX\tex/generic/pdfescape\pdfescape.s
ty
Package: pdfescape 2019/12/09 v1.15 Implements pdfTeX's escape features (HO)
) (C:\Users\bruno\AppData\Local\Programs\MiKTeX\tex/latex/hycolor\hycolor.sty
Package: hycolor 2020-01-27 v1.10 Color options for hyperref/bookmark (HO)
)
(C:\Users\bruno\AppData\Local\Programs\MiKTeX\tex/latex/letltxmacro\letltxmacro
.sty
Package: letltxmacro 2019/12/03 v1.6 Let assignment for LaTeX macros (HO)
)
(C:\Users\bruno\AppData\Local\Programs\MiKTeX\tex/latex/auxhook\auxhook.sty
Package: auxhook 2019-12-17 v1.6 Hooks for auxiliary files (HO)
)
(C:\Users\bruno\AppData\Local\Programs\MiKTeX\tex/latex/kvoptions\kvoptions.sty
Package: kvoptions 2020-10-07 v3.14 Key value format for package options (HO)
)
\@linkdim=\dimen139
\Hy@linkcounter=\count194
\Hy@pagecounter=\count195
 (C:\Users\bruno\AppData\Local\Programs\MiKTeX\tex/latex/hyperref\pd1enc.def
File: pd1enc.def 2022-02-21 v7.00n Hyperref: PDFDocEncoding definition (HO)
Now handling font encoding PD1 ...
... no UTF-8 mapping file for font encoding PD1
)
(C:\Users\bruno\AppData\Local\Programs\MiKTeX\tex/generic/intcalc\intcalc.sty
Package: intcalc 2019/12/15 v1.3 Expandable calculations with integers (HO)
)
(C:\Users\bruno\AppData\Local\Programs\MiKTeX\tex/generic/etexcmds\etexcmds.sty
Package: etexcmds 2019/12/15 v1.7 Avoid name clashes with e-TeX commands (HO)
)
\Hy@SavedSpaceFactor=\count196
 (C:\Users\bruno\AppData\Local\Programs\MiKTeX\tex/latex/hyperref\puenc.def
File: puenc.def 2022-02-21 v7.00n Hyperref: PDF Unicode definition (HO)
Now handling font encoding PU ...
... no UTF-8 mapping file for font encoding PU
)
Package hyperref Info: Hyper figures OFF on input line 4137.
Package hyperref Info: Link nesting OFF on input line 4142.
Package hyperref Info: Hyper index ON on input line 4145.
Package hyperref Info: Plain pages OFF on input line 4152.
Package hyperref Info: Backreferencing OFF on input line 4157.
Package hyperref Info: Implicit mode ON; LaTeX internals redefined.
Package hyperref Info: Bookmarks ON on input line 4390.
\c@Hy@tempcnt=\count197

(C:\Users\bruno\AppData\Local\Programs\MiKTeX\tex/latex/url\url.sty
\Urlmuskip=\muskip16
Package: url 2013/09/16  ver 3.4  Verb mode for urls, etc.
)
LaTeX Info: Redefining \url on input line 4749.
\XeTeXLinkMargin=\dimen140

(C:\Users\bruno\AppData\Local\Programs\MiKTeX\tex/generic/bitset\bitset.sty
Package: bitset 2019/12/09 v1.3 Handle bit-vector datatype (HO)

(C:\Users\bruno\AppData\Local\Programs\MiKTeX\tex/generic/bigintcalc\bigintcalc
.sty
Package: bigintcalc 2019/12/15 v1.5 Expandable calculations on big integers (HO
)
))
\Fld@menulength=\count198
\Field@Width=\dimen141
\Fld@charsize=\dimen142
Package hyperref Info: Hyper figures OFF on input line 6027.
Package hyperref Info: Link nesting OFF on input line 6032.
Package hyperref Info: Hyper index ON on input line 6035.
Package hyperref Info: backreferencing OFF on input line 6042.
Package hyperref Info: Link coloring OFF on input line 6047.
Package hyperref Info: Link coloring with OCG OFF on input line 6052.
Package hyperref Info: PDF/A mode OFF on input line 6057.
LaTeX Info: Redefining \ref on input line 6097.
LaTeX Info: Redefining \pageref on input line 6101.

(C:\Users\bruno\AppData\Local\Programs\MiKTeX\tex/latex/base\atbegshi-ltx.sty
Package: atbegshi-ltx 2021/01/10 v1.0c Emulation of the original atbegshi
package with kernel methods
)
\Hy@abspage=\count199
\c@Item=\count266
\c@Hfootnote=\count267
)
Package hyperref Info: Driver (autodetected): hpdftex.
(C:\Users\bruno\AppData\Local\Programs\MiKTeX\tex/latex/hyperref\hpdftex.def
File: hpdftex.def 2022-02-21 v7.00n Hyperref driver for pdfTeX

(C:\Users\bruno\AppData\Local\Programs\MiKTeX\tex/latex/base\atveryend-ltx.sty
Package: atveryend-ltx 2020/08/19 v1.0a Emulation of the original atveryend pac
kage
with kernel methods
)
\Fld@listcount=\count268
\c@bookmark@seq@number=\count269

(C:\Users\bruno\AppData\Local\Programs\MiKTeX\tex/latex/rerunfilecheck\rerunfil
echeck.sty
Package: rerunfilecheck 2019/12/05 v1.9 Rerun checks for auxiliary files (HO)

(C:\Users\bruno\AppData\Local\Programs\MiKTeX\tex/generic/uniquecounter\uniquec
ounter.sty
Package: uniquecounter 2019/12/15 v1.4 Provide unlimited unique counter (HO)
)
Package uniquecounter Info: New unique counter `rerunfilecheck' on input line 2
86.
)
\Hy@SectionHShift=\skip49
)
(C:\Users\bruno\AppData\Local\Programs\MiKTeX\tex/latex/graphics\graphicx.sty
Package: graphicx 2021/09/16 v1.2d Enhanced LaTeX Graphics (DPC,SPQR)

(C:\Users\bruno\AppData\Local\Programs\MiKTeX\tex/latex/graphics\graphics.sty
Package: graphics 2021/03/04 v1.4d Standard LaTeX Graphics (DPC,SPQR)

(C:\Users\bruno\AppData\Local\Programs\MiKTeX\tex/latex/graphics\trig.sty
Package: trig 2021/08/11 v1.11 sin cos tan (DPC)
)
(C:\Users\bruno\AppData\Local\Programs\MiKTeX\tex/latex/graphics-cfg\graphics.c
fg
File: graphics.cfg 2016/06/04 v1.11 sample graphics configuration
)
Package graphics Info: Driver file: pdftex.def on input line 107.

(C:\Users\bruno\AppData\Local\Programs\MiKTeX\tex/latex/graphics-def\pdftex.def
File: pdftex.def 2020/10/05 v1.2a Graphics/color driver for pdftex
))
\Gin@req@height=\dimen143
\Gin@req@width=\dimen144
) (C:\Users\bruno\AppData\Local\Programs\MiKTeX\tex/generic/babel\babel.sty
Package: babel 2022/02/26 3.73 The Babel package
\babel@savecnt=\count270
\U@D=\dimen145
\l@unhyphenated=\language79

(C:\Users\bruno\AppData\Local\Programs\MiKTeX\tex/generic/babel\txtbabel.def)
\bbl@readstream=\read2
\bbl@dirlevel=\count271

*************************************
* Local config file bblopts.cfg used
*
(C:\Users\bruno\AppData\Local\Programs\MiKTeX\tex/latex/arabi\bblopts.cfg
File: bblopts.cfg 2005/09/08 v0.1 add Arabic and Farsi to "declared" options of
 babel
)
(C:\Users\bruno\AppData\Local\Programs\MiKTeX\tex/latex/babel-portuges\portugue
se.ldf
Language: portuges 2021/07/09 v1.2t Portuguese support from the babel system
Package babel Info: Making " an active character on input line 143.
))
(C:\Users\bruno\AppData\Local\Programs\MiKTeX\tex/latex/amsfonts\amsfonts.sty
Package: amsfonts 2013/01/14 v3.01 Basic AMSFonts support
\@emptytoks=\toks19
\symAMSa=\mathgroup4
\symAMSb=\mathgroup5
LaTeX Font Info:    Redeclaring math symbol \hbar on input line 98.
LaTeX Font Info:    Overwriting math alphabet `\mathfrak' in version `bold'
(Font)                  U/euf/m/n --> U/euf/b/n on input line 106.
)
(C:\Users\bruno\AppData\Local\Programs\MiKTeX\tex/latex/xcolor\xcolor.sty
Package: xcolor 2021/10/31 v2.13 LaTeX color extensions (UK)

(C:\Users\bruno\AppData\Local\Programs\MiKTeX\tex/latex/graphics-cfg\color.cfg
File: color.cfg 2016/01/02 v1.6 sample color configuration
)
Package xcolor Info: Package option `usenames' ignored on input line 218.
Package xcolor Info: Driver file: pdftex.def on input line 227.
Package xcolor Info: Model `cmy' substituted by `cmy0' on input line 1352.
Package xcolor Info: Model `hsb' substituted by `rgb' on input line 1356.
Package xcolor Info: Model `RGB' extended on input line 1368.
Package xcolor Info: Model `HTML' substituted by `rgb' on input line 1370.
Package xcolor Info: Model `Hsb' substituted by `hsb' on input line 1371.
Package xcolor Info: Model `tHsb' substituted by `hsb' on input line 1372.
Package xcolor Info: Model `HSB' substituted by `hsb' on input line 1373.
Package xcolor Info: Model `Gray' substituted by `gray' on input line 1374.
Package xcolor Info: Model `wave' substituted by `hsb' on input line 1375.
(C:\Users\bruno\AppData\Local\Programs\MiKTeX\tex/latex/graphics\dvipsnam.def
File: dvipsnam.def 2016/06/17 v3.0m Driver-dependent file (DPC,SPQR)
))
(C:\Users\bruno\AppData\Local\Programs\MiKTeX\tex/latex/mathtools\mathtools.sty
Package: mathtools 2022/02/07 v1.28a mathematical typesetting tools
(C:\Users\bruno\AppData\Local\Programs\MiKTeX\tex/latex/tools\calc.sty
Package: calc 2017/05/25 v4.3 Infix arithmetic (KKT,FJ)
\calc@Acount=\count272
\calc@Bcount=\count273
\calc@Adimen=\dimen146
\calc@Bdimen=\dimen147
\calc@Askip=\skip50
\calc@Bskip=\skip51
LaTeX Info: Redefining \setlength on input line 80.
LaTeX Info: Redefining \addtolength on input line 81.
\calc@Ccount=\count274
\calc@Cskip=\skip52
)
(C:\Users\bruno\AppData\Local\Programs\MiKTeX\tex/latex/mathtools\mhsetup.sty
Package: mhsetup 2021/03/18 v1.4 programming setup (MH)
)
(C:\Users\bruno\AppData\Local\Programs\MiKTeX\tex/latex/amsmath\amsmath.sty
Package: amsmath 2021/10/15 v2.17l AMS math features
\@mathmargin=\skip53

For additional information on amsmath, use the `?' option.
(C:\Users\bruno\AppData\Local\Programs\MiKTeX\tex/latex/amsmath\amstext.sty
Package: amstext 2021/08/26 v2.01 AMS text

(C:\Users\bruno\AppData\Local\Programs\MiKTeX\tex/latex/amsmath\amsgen.sty
File: amsgen.sty 1999/11/30 v2.0 generic functions
\@emptytoks=\toks20
\ex@=\dimen148
))
(C:\Users\bruno\AppData\Local\Programs\MiKTeX\tex/latex/amsmath\amsbsy.sty
Package: amsbsy 1999/11/29 v1.2d Bold Symbols
\pmbraise@=\dimen149
)
(C:\Users\bruno\AppData\Local\Programs\MiKTeX\tex/latex/amsmath\amsopn.sty
Package: amsopn 2021/08/26 v2.02 operator names
)
\inf@bad=\count275
LaTeX Info: Redefining \frac on input line 234.
\uproot@=\count276
\leftroot@=\count277
LaTeX Info: Redefining \overline on input line 399.
\classnum@=\count278
\DOTSCASE@=\count279
LaTeX Info: Redefining \ldots on input line 496.
LaTeX Info: Redefining \dots on input line 499.
LaTeX Info: Redefining \cdots on input line 620.
\Mathstrutbox@=\box50
\strutbox@=\box51
\big@size=\dimen150
LaTeX Font Info:    Redeclaring font encoding OML on input line 743.
LaTeX Font Info:    Redeclaring font encoding OMS on input line 744.
\macc@depth=\count280
\c@MaxMatrixCols=\count281
\dotsspace@=\muskip17
\c@parentequation=\count282
\dspbrk@lvl=\count283
\tag@help=\toks21
\row@=\count284
\column@=\count285
\maxfields@=\count286
\andhelp@=\toks22
\eqnshift@=\dimen151
\alignsep@=\dimen152
\tagshift@=\dimen153
\tagwidth@=\dimen154
\totwidth@=\dimen155
\lineht@=\dimen156
\@envbody=\toks23
\multlinegap=\skip54
\multlinetaggap=\skip55
\mathdisplay@stack=\toks24
LaTeX Info: Redefining \[ on input line 2938.
LaTeX Info: Redefining \] on input line 2939.
)
\g_MT_multlinerow_int=\count287
\l_MT_multwidth_dim=\dimen157
\origjot=\skip56
\l_MT_shortvdotswithinadjustabove_dim=\dimen158
\l_MT_shortvdotswithinadjustbelow_dim=\dimen159
\l_MT_above_intertext_sep=\dimen160
\l_MT_below_intertext_sep=\dimen161
\l_MT_above_shortintertext_sep=\dimen162
\l_MT_below_shortintertext_sep=\dimen163
\xmathstrut@box=\box52
\xmathstrut@dim=\dimen164
)
(C:\Users\bruno\AppData\Local\Programs\MiKTeX\tex/latex/amsfonts\amssymb.sty
Package: amssymb 2013/01/14 v3.01 AMS font symbols
)
(C:\Users\bruno\AppData\Local\Programs\MiKTeX\tex/latex/jknappen\mathrsfs.sty
Package: mathrsfs 1996/01/01 Math RSFS package v1.0 (jk)
\symrsfs=\mathgroup6
)
(C:\Users\bruno\AppData\Local\Programs\MiKTeX\tex/latex/listings\listings.sty
\lst@mode=\count288
\lst@gtempboxa=\box53
\lst@token=\toks25
\lst@length=\count289
\lst@currlwidth=\dimen165
\lst@column=\count290
\lst@pos=\count291
\lst@lostspace=\dimen166
\lst@width=\dimen167
\lst@newlines=\count292
\lst@lineno=\count293
\lst@maxwidth=\dimen168

(C:\Users\bruno\AppData\Local\Programs\MiKTeX\tex/latex/listings\lstmisc.sty
File: lstmisc.sty 2020/03/24 1.8d (Carsten Heinz)
\c@lstnumber=\count294
\lst@skipnumbers=\count295
\lst@framebox=\box54
)
(C:\Users\bruno\AppData\Local\Programs\MiKTeX\tex/latex/listings\listings.cfg
File: listings.cfg 2020/03/24 1.8d listings configuration
))
Package: listings 2020/03/24 1.8d (Carsten Heinz)
(C:\Users\bruno\AppData\Local\Programs\MiKTeX\tex/latex/amscls\amsthm.sty
Package: amsthm 2020/05/29 v2.20.6
\thm@style=\toks26
\thm@bodyfont=\toks27
\thm@headfont=\toks28
\thm@notefont=\toks29
\thm@headpunct=\toks30
\thm@preskip=\skip57
\thm@postskip=\skip58
\thm@headsep=\skip59
\dth@everypar=\toks31
)
(C:\Users\bruno\AppData\Local\Programs\MiKTeX\tex/latex/footmisc\footmisc.sty
Package: footmisc 2022/03/08 v6.0d a miscellany of footnote facilities
\FN@temptoken=\toks32
\footnotemargin=\dimen169
\@outputbox@depth=\dimen170
Package footmisc Info: Declaring symbol style bringhurst on input line 695.
Package footmisc Info: Declaring symbol style chicago on input line 703.
Package footmisc Info: Declaring symbol style wiley on input line 712.
Package footmisc Info: Declaring symbol style lamport-robust on input line 723.

Package footmisc Info: Declaring symbol style lamport* on input line 743.
Package footmisc Info: Declaring symbol style lamport*-robust on input line 764
.
)
(C:\Users\bruno\AppData\Local\Programs\MiKTeX\tex/latex/cancel\cancel.sty
Package: cancel 2013/04/12 v2.2 Cancel math terms
)
(C:\Users\bruno\AppData\Local\Programs\MiKTeX\tex/latex/pgf/frontendlayer\tikz.
sty
(C:\Users\bruno\AppData\Local\Programs\MiKTeX\tex/latex/pgf/basiclayer\pgf.sty
(C:\Users\bruno\AppData\Local\Programs\MiKTeX\tex/latex/pgf/utilities\pgfrcs.st
y
(C:\Users\bruno\AppData\Local\Programs\MiKTeX\tex/generic/pgf/utilities\pgfutil
-common.tex
\pgfutil@everybye=\toks33
\pgfutil@tempdima=\dimen171
\pgfutil@tempdimb=\dimen172

(C:\Users\bruno\AppData\Local\Programs\MiKTeX\tex/generic/pgf/utilities\pgfutil
-common-lists.tex))
(C:\Users\bruno\AppData\Local\Programs\MiKTeX\tex/generic/pgf/utilities\pgfutil
-latex.def
\pgfutil@abb=\box55
)
(C:\Users\bruno\AppData\Local\Programs\MiKTeX\tex/generic/pgf/utilities\pgfrcs.
code.tex
(C:\Users\bruno\AppData\Local\Programs\MiKTeX\tex/generic/pgf\pgf.revision.tex)
Package: pgfrcs 2021/05/15 v3.1.9a (3.1.9a)
))
Package: pgf 2021/05/15 v3.1.9a (3.1.9a)

(C:\Users\bruno\AppData\Local\Programs\MiKTeX\tex/latex/pgf/basiclayer\pgfcore.
sty
(C:\Users\bruno\AppData\Local\Programs\MiKTeX\tex/latex/pgf/systemlayer\pgfsys.
sty
(C:\Users\bruno\AppData\Local\Programs\MiKTeX\tex/generic/pgf/systemlayer\pgfsy
s.code.tex
Package: pgfsys 2021/05/15 v3.1.9a (3.1.9a)

(C:\Users\bruno\AppData\Local\Programs\MiKTeX\tex/generic/pgf/utilities\pgfkeys
.code.tex
\pgfkeys@pathtoks=\toks34
\pgfkeys@temptoks=\toks35

(C:\Users\bruno\AppData\Local\Programs\MiKTeX\tex/generic/pgf/utilities\pgfkeys
filtered.code.tex
\pgfkeys@tmptoks=\toks36
))
\pgf@x=\dimen173
\pgf@y=\dimen174
\pgf@xa=\dimen175
\pgf@ya=\dimen176
\pgf@xb=\dimen177
\pgf@yb=\dimen178
\pgf@xc=\dimen179
\pgf@yc=\dimen180
\pgf@xd=\dimen181
\pgf@yd=\dimen182
\w@pgf@writea=\write3
\r@pgf@reada=\read3
\c@pgf@counta=\count296
\c@pgf@countb=\count297
\c@pgf@countc=\count298
\c@pgf@countd=\count299
\t@pgf@toka=\toks37
\t@pgf@tokb=\toks38
\t@pgf@tokc=\toks39
\pgf@sys@id@count=\count300

(C:\Users\bruno\AppData\Local\Programs\MiKTeX\tex/generic/pgf/systemlayer\pgf.c
fg
File: pgf.cfg 2021/05/15 v3.1.9a (3.1.9a)
)
Driver file for pgf: pgfsys-pdftex.def

(C:\Users\bruno\AppData\Local\Programs\MiKTeX\tex/generic/pgf/systemlayer\pgfsy
s-pdftex.def
File: pgfsys-pdftex.def 2021/05/15 v3.1.9a (3.1.9a)

(C:\Users\bruno\AppData\Local\Programs\MiKTeX\tex/generic/pgf/systemlayer\pgfsy
s-common-pdf.def
File: pgfsys-common-pdf.def 2021/05/15 v3.1.9a (3.1.9a)
)))
(C:\Users\bruno\AppData\Local\Programs\MiKTeX\tex/generic/pgf/systemlayer\pgfsy
ssoftpath.code.tex
File: pgfsyssoftpath.code.tex 2021/05/15 v3.1.9a (3.1.9a)
\pgfsyssoftpath@smallbuffer@items=\count301
\pgfsyssoftpath@bigbuffer@items=\count302
)
(C:\Users\bruno\AppData\Local\Programs\MiKTeX\tex/generic/pgf/systemlayer\pgfsy
sprotocol.code.tex
File: pgfsysprotocol.code.tex 2021/05/15 v3.1.9a (3.1.9a)
))
(C:\Users\bruno\AppData\Local\Programs\MiKTeX\tex/generic/pgf/basiclayer\pgfcor
e.code.tex
Package: pgfcore 2021/05/15 v3.1.9a (3.1.9a)

(C:\Users\bruno\AppData\Local\Programs\MiKTeX\tex/generic/pgf/math\pgfmath.code
.tex
(C:\Users\bruno\AppData\Local\Programs\MiKTeX\tex/generic/pgf/math\pgfmathcalc.
code.tex
(C:\Users\bruno\AppData\Local\Programs\MiKTeX\tex/generic/pgf/math\pgfmathutil.
code.tex)
(C:\Users\bruno\AppData\Local\Programs\MiKTeX\tex/generic/pgf/math\pgfmathparse
r.code.tex
\pgfmath@dimen=\dimen183
\pgfmath@count=\count303
\pgfmath@box=\box56
\pgfmath@toks=\toks40
\pgfmath@stack@operand=\toks41
\pgfmath@stack@operation=\toks42
)
(C:\Users\bruno\AppData\Local\Programs\MiKTeX\tex/generic/pgf/math\pgfmathfunct
ions.code.tex
(C:\Users\bruno\AppData\Local\Programs\MiKTeX\tex/generic/pgf/math\pgfmathfunct
ions.basic.code.tex)
(C:\Users\bruno\AppData\Local\Programs\MiKTeX\tex/generic/pgf/math\pgfmathfunct
ions.trigonometric.code.tex)
(C:\Users\bruno\AppData\Local\Programs\MiKTeX\tex/generic/pgf/math\pgfmathfunct
ions.random.code.tex)
(C:\Users\bruno\AppData\Local\Programs\MiKTeX\tex/generic/pgf/math\pgfmathfunct
ions.comparison.code.tex)
(C:\Users\bruno\AppData\Local\Programs\MiKTeX\tex/generic/pgf/math\pgfmathfunct
ions.base.code.tex)
(C:\Users\bruno\AppData\Local\Programs\MiKTeX\tex/generic/pgf/math\pgfmathfunct
ions.round.code.tex)
(C:\Users\bruno\AppData\Local\Programs\MiKTeX\tex/generic/pgf/math\pgfmathfunct
ions.misc.code.tex)
(C:\Users\bruno\AppData\Local\Programs\MiKTeX\tex/generic/pgf/math\pgfmathfunct
ions.integerarithmetics.code.tex)))
(C:\Users\bruno\AppData\Local\Programs\MiKTeX\tex/generic/pgf/math\pgfmathfloat
.code.tex
\c@pgfmathroundto@lastzeros=\count304
))
(C:\Users\bruno\AppData\Local\Programs\MiKTeX\tex/generic/pgf/math\pgfint.code.
tex)
(C:\Users\bruno\AppData\Local\Programs\MiKTeX\tex/generic/pgf/basiclayer\pgfcor
epoints.code.tex
File: pgfcorepoints.code.tex 2021/05/15 v3.1.9a (3.1.9a)
\pgf@picminx=\dimen184
\pgf@picmaxx=\dimen185
\pgf@picminy=\dimen186
\pgf@picmaxy=\dimen187
\pgf@pathminx=\dimen188
\pgf@pathmaxx=\dimen189
\pgf@pathminy=\dimen190
\pgf@pathmaxy=\dimen191
\pgf@xx=\dimen192
\pgf@xy=\dimen193
\pgf@yx=\dimen194
\pgf@yy=\dimen195
\pgf@zx=\dimen196
\pgf@zy=\dimen197
)
(C:\Users\bruno\AppData\Local\Programs\MiKTeX\tex/generic/pgf/basiclayer\pgfcor
epathconstruct.code.tex
File: pgfcorepathconstruct.code.tex 2021/05/15 v3.1.9a (3.1.9a)
\pgf@path@lastx=\dimen198
\pgf@path@lasty=\dimen199
)
(C:\Users\bruno\AppData\Local\Programs\MiKTeX\tex/generic/pgf/basiclayer\pgfcor
epathusage.code.tex
File: pgfcorepathusage.code.tex 2021/05/15 v3.1.9a (3.1.9a)
\pgf@shorten@end@additional=\dimen256
\pgf@shorten@start@additional=\dimen257
)
(C:\Users\bruno\AppData\Local\Programs\MiKTeX\tex/generic/pgf/basiclayer\pgfcor
escopes.code.tex
File: pgfcorescopes.code.tex 2021/05/15 v3.1.9a (3.1.9a)
\pgfpic=\box57
\pgf@hbox=\box58
\pgf@layerbox@main=\box59
\pgf@picture@serial@count=\count305
)
(C:\Users\bruno\AppData\Local\Programs\MiKTeX\tex/generic/pgf/basiclayer\pgfcor
egraphicstate.code.tex
File: pgfcoregraphicstate.code.tex 2021/05/15 v3.1.9a (3.1.9a)
\pgflinewidth=\dimen258
)
(C:\Users\bruno\AppData\Local\Programs\MiKTeX\tex/generic/pgf/basiclayer\pgfcor
etransformations.code.tex
File: pgfcoretransformations.code.tex 2021/05/15 v3.1.9a (3.1.9a)
\pgf@pt@x=\dimen259
\pgf@pt@y=\dimen260
\pgf@pt@temp=\dimen261
)
(C:\Users\bruno\AppData\Local\Programs\MiKTeX\tex/generic/pgf/basiclayer\pgfcor
equick.code.tex
File: pgfcorequick.code.tex 2021/05/15 v3.1.9a (3.1.9a)
)
(C:\Users\bruno\AppData\Local\Programs\MiKTeX\tex/generic/pgf/basiclayer\pgfcor
eobjects.code.tex
File: pgfcoreobjects.code.tex 2021/05/15 v3.1.9a (3.1.9a)
)
(C:\Users\bruno\AppData\Local\Programs\MiKTeX\tex/generic/pgf/basiclayer\pgfcor
epathprocessing.code.tex
File: pgfcorepathprocessing.code.tex 2021/05/15 v3.1.9a (3.1.9a)
)
(C:\Users\bruno\AppData\Local\Programs\MiKTeX\tex/generic/pgf/basiclayer\pgfcor
earrows.code.tex
File: pgfcorearrows.code.tex 2021/05/15 v3.1.9a (3.1.9a)
\pgfarrowsep=\dimen262
)
(C:\Users\bruno\AppData\Local\Programs\MiKTeX\tex/generic/pgf/basiclayer\pgfcor
eshade.code.tex
File: pgfcoreshade.code.tex 2021/05/15 v3.1.9a (3.1.9a)
\pgf@max=\dimen263
\pgf@sys@shading@range@num=\count306
\pgf@shadingcount=\count307
)
(C:\Users\bruno\AppData\Local\Programs\MiKTeX\tex/generic/pgf/basiclayer\pgfcor
eimage.code.tex
File: pgfcoreimage.code.tex 2021/05/15 v3.1.9a (3.1.9a)

(C:\Users\bruno\AppData\Local\Programs\MiKTeX\tex/generic/pgf/basiclayer\pgfcor
eexternal.code.tex
File: pgfcoreexternal.code.tex 2021/05/15 v3.1.9a (3.1.9a)
\pgfexternal@startupbox=\box60
))
(C:\Users\bruno\AppData\Local\Programs\MiKTeX\tex/generic/pgf/basiclayer\pgfcor
elayers.code.tex
File: pgfcorelayers.code.tex 2021/05/15 v3.1.9a (3.1.9a)
)
(C:\Users\bruno\AppData\Local\Programs\MiKTeX\tex/generic/pgf/basiclayer\pgfcor
etransparency.code.tex
File: pgfcoretransparency.code.tex 2021/05/15 v3.1.9a (3.1.9a)
)
(C:\Users\bruno\AppData\Local\Programs\MiKTeX\tex/generic/pgf/basiclayer\pgfcor
epatterns.code.tex
File: pgfcorepatterns.code.tex 2021/05/15 v3.1.9a (3.1.9a)
)
(C:\Users\bruno\AppData\Local\Programs\MiKTeX\tex/generic/pgf/basiclayer\pgfcor
erdf.code.tex
File: pgfcorerdf.code.tex 2021/05/15 v3.1.9a (3.1.9a)
)))
(C:\Users\bruno\AppData\Local\Programs\MiKTeX\tex/generic/pgf/modules\pgfmodule
shapes.code.tex
File: pgfmoduleshapes.code.tex 2021/05/15 v3.1.9a (3.1.9a)
\pgfnodeparttextbox=\box61
)
(C:\Users\bruno\AppData\Local\Programs\MiKTeX\tex/generic/pgf/modules\pgfmodule
plot.code.tex
File: pgfmoduleplot.code.tex 2021/05/15 v3.1.9a (3.1.9a)
)
(C:\Users\bruno\AppData\Local\Programs\MiKTeX\tex/latex/pgf/compatibility\pgfco
mp-version-0-65.sty
Package: pgfcomp-version-0-65 2021/05/15 v3.1.9a (3.1.9a)
\pgf@nodesepstart=\dimen264
\pgf@nodesepend=\dimen265
)
(C:\Users\bruno\AppData\Local\Programs\MiKTeX\tex/latex/pgf/compatibility\pgfco
mp-version-1-18.sty
Package: pgfcomp-version-1-18 2021/05/15 v3.1.9a (3.1.9a)
))
(C:\Users\bruno\AppData\Local\Programs\MiKTeX\tex/latex/pgf/utilities\pgffor.st
y
(C:\Users\bruno\AppData\Local\Programs\MiKTeX\tex/latex/pgf/utilities\pgfkeys.s
ty
(C:\Users\bruno\AppData\Local\Programs\MiKTeX\tex/generic/pgf/utilities\pgfkeys
.code.tex))
(C:\Users\bruno\AppData\Local\Programs\MiKTeX\tex/latex/pgf/math\pgfmath.sty
(C:\Users\bruno\AppData\Local\Programs\MiKTeX\tex/generic/pgf/math\pgfmath.code
.tex))
(C:\Users\bruno\AppData\Local\Programs\MiKTeX\tex/generic/pgf/utilities\pgffor.
code.tex
Package: pgffor 2021/05/15 v3.1.9a (3.1.9a)

(C:\Users\bruno\AppData\Local\Programs\MiKTeX\tex/generic/pgf/math\pgfmath.code
.tex)
\pgffor@iter=\dimen266
\pgffor@skip=\dimen267
\pgffor@stack=\toks43
\pgffor@toks=\toks44
))
(C:\Users\bruno\AppData\Local\Programs\MiKTeX\tex/generic/pgf/frontendlayer/tik
z\tikz.code.tex
Package: tikz 2021/05/15 v3.1.9a (3.1.9a)

(C:\Users\bruno\AppData\Local\Programs\MiKTeX\tex/generic/pgf/libraries\pgflibr
aryplothandlers.code.tex
File: pgflibraryplothandlers.code.tex 2021/05/15 v3.1.9a (3.1.9a)
\pgf@plot@mark@count=\count308
\pgfplotmarksize=\dimen268
)
\tikz@lastx=\dimen269
\tikz@lasty=\dimen270
\tikz@lastxsaved=\dimen271
\tikz@lastysaved=\dimen272
\tikz@lastmovetox=\dimen273
\tikz@lastmovetoy=\dimen274
\tikzleveldistance=\dimen275
\tikzsiblingdistance=\dimen276
\tikz@figbox=\box62
\tikz@figbox@bg=\box63
\tikz@tempbox=\box64
\tikz@tempbox@bg=\box65
\tikztreelevel=\count309
\tikznumberofchildren=\count310
\tikznumberofcurrentchild=\count311
\tikz@fig@count=\count312

(C:\Users\bruno\AppData\Local\Programs\MiKTeX\tex/generic/pgf/modules\pgfmodule
matrix.code.tex
File: pgfmodulematrix.code.tex 2021/05/15 v3.1.9a (3.1.9a)
\pgfmatrixcurrentrow=\count313
\pgfmatrixcurrentcolumn=\count314
\pgf@matrix@numberofcolumns=\count315
)
\tikz@expandcount=\count316

(C:\Users\bruno\AppData\Local\Programs\MiKTeX\tex/generic/pgf/frontendlayer/tik
z/libraries\tikzlibrarytopaths.code.tex
File: tikzlibrarytopaths.code.tex 2021/05/15 v3.1.9a (3.1.9a)
)))
(C:\Users\bruno\AppData\Local\Programs\MiKTeX\tex/latex/subfiles\subfiles.sty
Package: subfiles 2020/11/14 v2.2 Multi-file projects (package)

(C:\Users\bruno\AppData\Local\Programs\MiKTeX\tex/latex/import\import.sty
Package: import 2020/04/01  v 6.2
))
\c@definition=\count317
\c@fact=\count318
\c@demonstration=\count319
\c@theorem=\count320
\c@proposition=\count321
LaTeX Font Info:    Trying to load font information for T1+lmr on input line 13
3.

(C:\Users\bruno\AppData\Local\Programs\MiKTeX\tex/latex/lm\t1lmr.fd
File: t1lmr.fd 2009/10/30 v1.6 Font defs for Latin Modern
)
(C:\Users\bruno\AppData\Local\Programs\MiKTeX\tex/latex/l3backend\l3backend-pdf
tex.def
File: l3backend-pdftex.def 2022-02-07 L3 backend support: PDF output (pdfTeX)
\l__color_backend_stack_int=\count322
\l__pdf_internal_box=\box66
) (book_of_proof.aux)
\openout1 = `book_of_proof.aux'.

LaTeX Font Info:    Checking defaults for OML/cmm/m/it on input line 133.
LaTeX Font Info:    ... okay on input line 133.
LaTeX Font Info:    Checking defaults for OMS/cmsy/m/n on input line 133.
LaTeX Font Info:    ... okay on input line 133.
LaTeX Font Info:    Checking defaults for OT1/cmr/m/n on input line 133.
LaTeX Font Info:    ... okay on input line 133.
LaTeX Font Info:    Checking defaults for T1/cmr/m/n on input line 133.
LaTeX Font Info:    ... okay on input line 133.
LaTeX Font Info:    Checking defaults for TS1/cmr/m/n on input line 133.
LaTeX Font Info:    ... okay on input line 133.
LaTeX Font Info:    Checking defaults for OMX/cmex/m/n on input line 133.
LaTeX Font Info:    ... okay on input line 133.
LaTeX Font Info:    Checking defaults for U/cmr/m/n on input line 133.
LaTeX Font Info:    ... okay on input line 133.
LaTeX Font Info:    Checking defaults for PD1/pdf/m/n on input line 133.
LaTeX Font Info:    ... okay on input line 133.
LaTeX Font Info:    Checking defaults for PU/pdf/m/n on input line 133.
LaTeX Font Info:    ... okay on input line 133.
Package hyperref Info: Link coloring OFF on input line 133.

(C:\Users\bruno\AppData\Local\Programs\MiKTeX\tex/latex/hyperref\nameref.sty
Package: nameref 2021-04-02 v2.47 Cross-referencing by name of section

(C:\Users\bruno\AppData\Local\Programs\MiKTeX\tex/latex/refcount\refcount.sty
Package: refcount 2019/12/15 v3.6 Data extraction from label references (HO)
)
(C:\Users\bruno\AppData\Local\Programs\MiKTeX\tex/generic/gettitlestring\gettit
lestring.sty
Package: gettitlestring 2019/12/15 v1.6 Cleanup title references (HO)
)
\c@section@level=\count323
)
LaTeX Info: Redefining \ref on input line 133.
LaTeX Info: Redefining \pageref on input line 133.
LaTeX Info: Redefining \nameref on input line 133.
 (book_of_proof.out) (book_of_proof.out)
\@outlinefile=\write4
\openout4 = `book_of_proof.out'.


(C:\Users\bruno\AppData\Local\Programs\MiKTeX\tex/context/base/mkii\supp-pdf.mk
ii
[Loading MPS to PDF converter (version 2006.09.02).]
\scratchcounter=\count324
\scratchdimen=\dimen277
\scratchbox=\box67
\nofMPsegments=\count325
\nofMParguments=\count326
\everyMPshowfont=\toks45
\MPscratchCnt=\count327
\MPscratchDim=\dimen278
\MPnumerator=\count328
\makeMPintoPDFobject=\count329
\everyMPtoPDFconversion=\toks46
)
(C:\Users\bruno\AppData\Local\Programs\MiKTeX\tex/latex/epstopdf-pkg\epstopdf-b
ase.sty
Package: epstopdf-base 2020-01-24 v2.11 Base part for package epstopdf
Package epstopdf-base Info: Redefining graphics rule for `.eps' on input line 4
85.

(C:\Users\bruno\AppData\Local\Programs\MiKTeX\tex/latex/00miktex\epstopdf-sys.c
fg
File: epstopdf-sys.cfg 2021/03/18 v2.0 Configuration of epstopdf for MiKTeX
))
\c@lstlisting=\count330
LaTeX Font Info:    Trying to load font information for OT1+lmr on input line 1
37.
 (C:\Users\bruno\AppData\Local\Programs\MiKTeX\tex/latex/lm\ot1lmr.fd
File: ot1lmr.fd 2009/10/30 v1.6 Font defs for Latin Modern
)
LaTeX Font Info:    Trying to load font information for OML+lmm on input line 1
37.

(C:\Users\bruno\AppData\Local\Programs\MiKTeX\tex/latex/lm\omllmm.fd
File: omllmm.fd 2009/10/30 v1.6 Font defs for Latin Modern
)
LaTeX Font Info:    Trying to load font information for OMS+lmsy on input line 
137.

(C:\Users\bruno\AppData\Local\Programs\MiKTeX\tex/latex/lm\omslmsy.fd
File: omslmsy.fd 2009/10/30 v1.6 Font defs for Latin Modern
)
LaTeX Font Info:    Trying to load font information for OMX+lmex on input line 
137.

(C:\Users\bruno\AppData\Local\Programs\MiKTeX\tex/latex/lm\omxlmex.fd
File: omxlmex.fd 2009/10/30 v1.6 Font defs for Latin Modern
)
LaTeX Font Info:    External font `lmex10' loaded for size
(Font)              <12> on input line 137.
LaTeX Font Info:    External font `lmex10' loaded for size
(Font)              <8> on input line 137.
LaTeX Font Info:    External font `lmex10' loaded for size
(Font)              <6> on input line 137.
LaTeX Font Info:    Trying to load font information for U+msa on input line 137
.

(C:\Users\bruno\AppData\Local\Programs\MiKTeX\tex/latex/amsfonts\umsa.fd
File: umsa.fd 2013/01/14 v3.01 AMS symbols A
)
LaTeX Font Info:    Trying to load font information for U+msb on input line 137
.

(C:\Users\bruno\AppData\Local\Programs\MiKTeX\tex/latex/amsfonts\umsb.fd
File: umsb.fd 2013/01/14 v3.01 AMS symbols B
)
LaTeX Font Info:    Trying to load font information for U+rsfs on input line 13
7.

(C:\Users\bruno\AppData\Local\Programs\MiKTeX\tex/latex/jknappen\ursfs.fd
File: ursfs.fd 1998/03/24 rsfs font definition file (jk)
)
[1



{C:/Users/bruno/AppData/Local/MiKTeX/fonts/map/pdftex/pdftex.map}]
(book_of_proof.toc
LaTeX Font Info:    External font `lmex10' loaded for size
(Font)              <10.95> on input line 4.

pdfTeX warning (ext4): destination with the same identifier (name{page.i}) has 
been already used, duplicate ignored
<to be read again> 
                   \relax 
l.34 ...o da Inclus√£o-Exclus√£o}{36}{section.3.7}
                                                  % [1

] [2])
\tf@toc=\write5
\openout5 = `book_of_proof.toc'.

 [3] [1


]
 1.
(chapter01.tex
LaTeX Font Info:    External font `lmex10' loaded for size
(Font)              <9> on input line 12.
LaTeX Font Info:    External font `lmex10' loaded for size
(Font)              <5> on input line 12.

Underfull \hbox (badness 10000) in paragraph at lines 18--27

 []


Underfull \hbox (badness 10000) in paragraph at lines 18--27

 []


Underfull \hbox (badness 10000) in paragraph at lines 18--27

 []


Underfull \hbox (badness 10000) in paragraph at lines 18--27

 []

[2

]
Underfull \hbox (badness 10000) in paragraph at lines 38--43

 []


Underfull \hbox (badness 10000) in paragraph at lines 38--43

 []

[3]
<images/real_line.png, id=395, 1470.99562pt x 198.7425pt>
File: images/real_line.png Graphic file (type png)
<use images/real_line.png>
Package pdftex.def Info: images/real_line.png  used on input line 48.
(pdftex.def)             Requested size: 161.81001pt x 21.86174pt.
<images/intervals.png, id=397, 503.63156pt x 393.72093pt>
File: images/intervals.png Graphic file (type png)
<use images/intervals.png>
Package pdftex.def Info: images/intervals.png  used on input line 53.
(pdftex.def)             Requested size: 352.53969pt x 275.60277pt.
 [4 <./images/real_line.png>]
Underfull \hbox (badness 10000) in paragraph at lines 61--64

 []


Underfull \hbox (badness 10000) in paragraph at lines 72--79

 []


Underfull \hbox (badness 10000) in paragraph at lines 72--79

 []


Underfull \hbox (badness 10000) in paragraph at lines 72--79

 []

[5 <./images/intervals.png>]
Underfull \hbox (badness 10000) in paragraph at lines 91--96

 []


Underfull \hbox (badness 10000) in paragraph at lines 91--96

 []

[6] [7]
Underfull \hbox (badness 10000) in paragraph at lines 148--153

 []


Underfull \hbox (badness 10000) in paragraph at lines 148--153

 []

[8]
Underfull \hbox (badness 10000) in paragraph at lines 172--175

 []

LaTeX Font Info:    Trying to load font information for TS1+lmr on input line 1
76.
(C:\Users\bruno\AppData\Local\Programs\MiKTeX\tex/latex/lm\ts1lmr.fd
File: ts1lmr.fd 2009/10/30 v1.6 Font defs for Latin Modern
)
Underfull \hbox (badness 10000) in paragraph at lines 181--184

 []

[9]
LaTeX Font Info:    External font `lmex10' loaded for size
(Font)              <10> on input line 191.
LaTeX Font Info:    External font `lmex10' loaded for size
(Font)              <7> on input line 191.

Underfull \hbox (badness 10000) in paragraph at lines 196--205

 []


Underfull \hbox (badness 10000) in paragraph at lines 196--205

 []


Underfull \hbox (badness 10000) in paragraph at lines 196--205

 []


Underfull \hbox (badness 10000) in paragraph at lines 196--205

 []


Underfull \hbox (badness 10000) in paragraph at lines 210--213

 []

[10]
Underfull \hbox (badness 10000) in paragraph at lines 216--221

 []


Underfull \hbox (badness 10000) in paragraph at lines 216--221

 []

) [11]
 2.
(chapter02.tex
Underfull \hbox (badness 10000) in paragraph at lines 10--21

 []


Underfull \hbox (badness 10000) in paragraph at lines 10--21

 []


Underfull \hbox (badness 10000) in paragraph at lines 10--21

 []


Underfull \hbox (badness 10000) in paragraph at lines 10--21

 []


Underfull \hbox (badness 10000) in paragraph at lines 10--21

 []

[12

]
Underfull \hbox (badness 10000) in paragraph at lines 24--27

 []

[13] [14]
Underfull \hbox (badness 10000) in paragraph at lines 118--121

 []


Underfull \hbox (badness 10000) in paragraph at lines 126--129

 []

[15]
Underfull \hbox (badness 10000) in paragraph at lines 158--161

 []


Underfull \hbox (badness 10000) in paragraph at lines 164--171

 []


Underfull \hbox (badness 10000) in paragraph at lines 164--171

 []


Underfull \hbox (badness 10000) in paragraph at lines 164--171

 []

[16]
Overfull \hbox (1.25827pt too wide) in paragraph at lines 219--220
[]\T1/lmr/bx/n/10.95 Coment·rio\T1/lmr/m/n/10.95 : Como s„o mui-tas equi-va-lÍn
-cias, se eu co-lo-car to-das as tabelas-
 []


Underfull \hbox (badness 10000) in paragraph at lines 223--226

 []

[17]
Underfull \hbox (badness 10000) in paragraph at lines 240--243

 []


Underfull \hbox (badness 10000) in paragraph at lines 249--252

 []


Underfull \hbox (badness 10000) in paragraph at lines 255--264

 []


Underfull \hbox (badness 10000) in paragraph at lines 255--264

 []


Underfull \hbox (badness 10000) in paragraph at lines 255--264

 []


Underfull \hbox (badness 10000) in paragraph at lines 255--264

 []

[18]
Underfull \hbox (badness 10000) in paragraph at lines 272--278

 []


Underfull \hbox (badness 10000) in paragraph at lines 272--278

 []


Underfull \hbox (badness 10000) in paragraph at lines 272--278

 []

[19]
Overfull \hbox (24.2529pt too wide) detected at line 285
[]  \OT1/lmr/m/n/10.95 =[]\OMS/lmsy/m/n/10.95 )  []
 []


Underfull \hbox (badness 10000) in paragraph at lines 289--293

 []


Underfull \hbox (badness 10000) in paragraph at lines 289--293

 []


LaTeX Warning: Command \' invalid in math mode on input line 304.


Underfull \hbox (badness 10000) in paragraph at lines 302--307

 []


Underfull \hbox (badness 10000) in paragraph at lines 315--318

 []

[20]
Underfull \hbox (badness 10000) in paragraph at lines 321--326

 []


Underfull \hbox (badness 10000) in paragraph at lines 321--326

 []


Underfull \hbox (badness 10000) in paragraph at lines 330--335

 []


Underfull \hbox (badness 10000) in paragraph at lines 330--335

 []

[21]

LaTeX Warning: Command \c invalid in math mode on input line 345.


LaTeX Warning: Command \~ invalid in math mode on input line 345.


LaTeX Warning: Command \c invalid in math mode on input line 345.


LaTeX Warning: Command \~ invalid in math mode on input line 345.


Underfull \hbox (badness 10000) in paragraph at lines 352--355

 []

) [22]
 3.
(chapter03.tex
Underfull \hbox (badness 10000) in paragraph at lines 14--25

 []


Underfull \hbox (badness 10000) in paragraph at lines 14--25

 []


Underfull \hbox (badness 10000) in paragraph at lines 14--25

 []


Underfull \hbox (badness 10000) in paragraph at lines 14--25

 []


Underfull \hbox (badness 10000) in paragraph at lines 14--25

 []

[23

]
Underfull \hbox (badness 10000) in paragraph at lines 34--37

 []


Underfull \hbox (badness 10000) in paragraph at lines 41--56

 []


Underfull \hbox (badness 10000) in paragraph at lines 41--56

 []


Underfull \hbox (badness 10000) in paragraph at lines 41--56

 []


Underfull \hbox (badness 10000) in paragraph at lines 41--56

 []


Underfull \hbox (badness 10000) in paragraph at lines 41--56

 []


Underfull \hbox (badness 10000) in paragraph at lines 41--56

 []


Underfull \hbox (badness 10000) in paragraph at lines 41--56

 []

[24]
Underfull \hbox (badness 10000) in paragraph at lines 58--63

 []


Underfull \hbox (badness 10000) in paragraph at lines 58--63

 []

[25]
Underfull \hbox (badness 10000) in paragraph at lines 72--77

 []


Underfull \hbox (badness 10000) in paragraph at lines 72--77

 []


Underfull \hbox (badness 10000) in paragraph at lines 87--89

 []


Underfull \hbox (badness 10000) in paragraph at lines 87--89

 []

[26]
Underfull \hbox (badness 10000) in paragraph at lines 108--127

 []


Underfull \hbox (badness 10000) in paragraph at lines 108--127

 []


Underfull \hbox (badness 10000) in paragraph at lines 108--127

 []


Underfull \hbox (badness 10000) in paragraph at lines 108--127

 []


Underfull \hbox (badness 10000) in paragraph at lines 108--127

 []


Underfull \hbox (badness 10000) in paragraph at lines 108--127

 []


Underfull \hbox (badness 10000) in paragraph at lines 108--127

 []


Underfull \hbox (badness 10000) in paragraph at lines 108--127

 []


Underfull \hbox (badness 10000) in paragraph at lines 108--127

 []

[27] [28]
Underfull \hbox (badness 10000) in paragraph at lines 140--143

 []


Underfull \hbox (badness 10000) in paragraph at lines 140--143

 []


Underfull \hbox (badness 10000) in paragraph at lines 147--148

 []


Underfull \hbox (badness 10000) in paragraph at lines 156--163

 []


Underfull \hbox (badness 10000) in paragraph at lines 156--163

 []


Underfull \hbox (badness 10000) in paragraph at lines 156--163

 []


Package amsmath Warning: Foreign command \atopwithdelims;
(amsmath)                \frac or \genfrac should be used instead
(amsmath)                 on input line 165.


Underfull \hbox (badness 10000) in paragraph at lines 168--181

 []


Underfull \hbox (badness 10000) in paragraph at lines 168--181

 []


Underfull \hbox (badness 10000) in paragraph at lines 168--181

 []


Underfull \hbox (badness 10000) in paragraph at lines 168--181

 []


Underfull \hbox (badness 10000) in paragraph at lines 168--181

 []


Underfull \hbox (badness 10000) in paragraph at lines 168--181

 []

[29]
LaTeX Font Info:    External font `lmex10' loaded for size
(Font)              <14.4> on input line 185.

Underfull \hbox (badness 10000) in paragraph at lines 192--198

 []


Underfull \hbox (badness 10000) in paragraph at lines 192--198

 []

[30]
Underfull \hbox (badness 10000) in paragraph at lines 198--203

 []


Underfull \hbox (badness 10000) in paragraph at lines 203--207

 []


Underfull \hbox (badness 10000) in paragraph at lines 207--212

 []


Underfull \hbox (badness 10000) in paragraph at lines 216--220

 []

[31]
Underfull \hbox (badness 10000) in paragraph at lines 220--224

 []


Underfull \hbox (badness 10000) in paragraph at lines 224--228

 []


LaTeX Warning: Command \' invalid in math mode on input line 228.


Underfull \hbox (badness 10000) in paragraph at lines 228--232

 []


Underfull \hbox (badness 10000) in paragraph at lines 239--243

 []

[32]
Underfull \hbox (badness 10000) in paragraph at lines 276--293

 []


Underfull \hbox (badness 10000) in paragraph at lines 276--293

 []


Underfull \hbox (badness 10000) in paragraph at lines 276--293

 []


Underfull \hbox (badness 10000) in paragraph at lines 276--293

 []


Underfull \hbox (badness 10000) in paragraph at lines 276--293

 []


Underfull \hbox (badness 10000) in paragraph at lines 276--293

 []


Underfull \hbox (badness 10000) in paragraph at lines 276--293

 []


Underfull \hbox (badness 10000) in paragraph at lines 276--293

 []

[33] [34]
Underfull \hbox (badness 10000) in paragraph at lines 296--309

 []


Underfull \hbox (badness 10000) in paragraph at lines 296--309

 []


Underfull \hbox (badness 10000) in paragraph at lines 296--309

 []


Underfull \hbox (badness 10000) in paragraph at lines 309--313

 []


Underfull \hbox (badness 10000) in paragraph at lines 313--317

 []


Underfull \hbox (badness 10000) in paragraph at lines 317--322

 []

[35]
Underfull \hbox (badness 10000) in paragraph at lines 335--338

 []


Underfull \hbox (badness 10000) in paragraph at lines 361--363

 []


Underfull \hbox (badness 10000) in paragraph at lines 363--367

 []

[36]
Underfull \hbox (badness 10000) in paragraph at lines 367--371

 []


Underfull \hbox (badness 10000) in paragraph at lines 371--375

 []


Underfull \hbox (badness 10000) in paragraph at lines 381--384

 []


Underfull \hbox (badness 10000) in paragraph at lines 386--389

 []

[37]
Underfull \hbox (badness 10000) in paragraph at lines 418--423

 []


Underfull \hbox (badness 10000) in paragraph at lines 418--423

 []

[38]
Underfull \hbox (badness 10000) in paragraph at lines 428--435

 []


Underfull \hbox (badness 10000) in paragraph at lines 428--435

 []


Underfull \hbox (badness 10000) in paragraph at lines 428--435

 []


Overfull \hbox (2.90733pt too wide) in paragraph at lines 428--435
\T1/lmr/m/n/10.95 Vamos usar a pa-la-vra "ba-nana"como exem-plo, se ig-no-rar-m
os os que "a"repete-
 []


Underfull \hbox (badness 10000) in paragraph at lines 439--442

 []


Underfull \hbox (badness 10000) in paragraph at lines 450--455

 []


Underfull \hbox (badness 10000) in paragraph at lines 450--455

 []

[39]
Underfull \hbox (badness 10000) in paragraph at lines 458--463

 []


Underfull \hbox (badness 10000) in paragraph at lines 458--463

 []

[40]) [41] [42

]
 4.
(chapter04.tex
Underfull \hbox (badness 10000) in paragraph at lines 4--7

 []


Underfull \hbox (badness 10000) in paragraph at lines 16--22

 []

[43

]
Underfull \hbox (badness 10000) in paragraph at lines 25--36

 []


Underfull \hbox (badness 10000) in paragraph at lines 25--36

 []


Underfull \hbox (badness 10000) in paragraph at lines 25--36

 []


Underfull \hbox (badness 10000) in paragraph at lines 25--36

 []


Underfull \hbox (badness 10000) in paragraph at lines 37--44

 []


Underfull \hbox (badness 10000) in paragraph at lines 37--44

 []


Underfull \hbox (badness 10000) in paragraph at lines 37--44

 []


Underfull \hbox (badness 10000) in paragraph at lines 45--50

 []

[44]
Underfull \hbox (badness 10000) in paragraph at lines 58--65

 []


Underfull \hbox (badness 10000) in paragraph at lines 58--65

 []


Underfull \hbox (badness 10000) in paragraph at lines 58--65

 []


Underfull \hbox (badness 10000) in paragraph at lines 66--71

 []

[45]
Underfull \hbox (badness 10000) in paragraph at lines 75--79

 []

) [46]
 5.
(chapter05.tex
Underfull \hbox (badness 10000) in paragraph at lines 5--12

 []


Underfull \hbox (badness 10000) in paragraph at lines 5--12

 []


Underfull \hbox (badness 10000) in paragraph at lines 5--12

 []

[47

]
Underfull \hbox (badness 10000) in paragraph at lines 27--29

 []

)
Underfull \hbox (badness 10000) in paragraph at lines 30--165

 []


Underfull \hbox (badness 10000) in paragraph at lines 30--165

 []


Underfull \hbox (badness 10000) in paragraph at lines 30--165

 []


Underfull \hbox (badness 10000) in paragraph at lines 30--165

 []


Underfull \hbox (badness 10000) in paragraph at lines 30--165

 []


Underfull \hbox (badness 10000) in paragraph at lines 30--165

 []


Underfull \hbox (badness 10000) in paragraph at lines 30--165

 []


Underfull \hbox (badness 10000) in paragraph at lines 30--165

 []


Underfull \hbox (badness 10000) in paragraph at lines 30--165

 []


Underfull \hbox (badness 10000) in paragraph at lines 30--165

 []


Underfull \hbox (badness 10000) in paragraph at lines 30--165

 []


Underfull \hbox (badness 10000) in paragraph at lines 30--165

 []


Underfull \hbox (badness 10000) in paragraph at lines 30--165

 []

[48] [49]
 6.
(chapter06.tex
Underfull \hbox (badness 10000) in paragraph at lines 5--15

 []

[50

]
Underfull \hbox (badness 10000) in paragraph at lines 36--38

 []


Underfull \hbox (badness 10000) in paragraph at lines 42--50

 []


Underfull \hbox (badness 10000) in paragraph at lines 42--50

 []


Underfull \hbox (badness 10000) in paragraph at lines 42--50

 []

[51]) [52] [53

]
 7.
(chapter07.tex
Underfull \hbox (badness 10000) in paragraph at lines 24--28

 []

[54

]
Underfull \hbox (badness 10000) in paragraph at lines 53--73

 []


Underfull \hbox (badness 10000) in paragraph at lines 53--73

 []


Underfull \hbox (badness 10000) in paragraph at lines 53--73

 []

[55]
Underfull \hbox (badness 10000) in paragraph at lines 76--87

 []


Underfull \hbox (badness 10000) in paragraph at lines 76--87

 []


Underfull \hbox (badness 10000) in paragraph at lines 76--87

 []


Underfull \hbox (badness 10000) in paragraph at lines 89--94

 []

[56]) [57]
 8.
(chapter08.tex

Package hyperref Warning: Token not allowed in a PDF string (Unicode):
(hyperref)                removing `math shift' on input line 12.


Package hyperref Warning: Token not allowed in a PDF string (Unicode):
(hyperref)                removing `\in' on input line 12.


Package hyperref Warning: Token not allowed in a PDF string (Unicode):
(hyperref)                removing `math shift' on input line 12.

) [58

]
 9.
(chapter09.tex) [59

]
 10.
(chapter10.tex) [60

] [61

]
 11.
(chapter11.tex) [62

]
 12.
(chapter12.tex) [63

]
 13.
(chapter13.tex) [64

]
 14.
(chapter14.tex) [65

] (book_of_proof.aux)
Package rerunfilecheck Info: File `book_of_proof.out' has not changed.
(rerunfilecheck)             Checksum: FE8194C4A2E60FD332C6A41E3B1D32EC;11789.
 ) 
Here is how much of TeX's memory you used:
 24109 strings out of 478582
 446372 string characters out of 2844344
 731027 words of memory out of 3000000
 41572 multiletter control sequences out of 15000+600000
 566578 words of font info for 105 fonts, out of 8000000 for 9000
 1141 hyphenation exceptions out of 8191
 84i,13n,80p,1295b,775s stack positions out of 5000i,500n,10000p,200000b,80000s
{C:/Users/bruno/AppData/Local/Programs/MiKTeX/fonts/enc/dvips/lm/lm-mathit.en
c}{C:/Users/bruno/AppData/Local/Programs/MiKTeX/fonts/enc/dvips/lm/lm-mathsy.en
c}{C:/Users/bruno/AppData/Local/Programs/MiKTeX/fonts/enc/dvips/lm/lm-rm.enc}{C
:/Users/bruno/AppData/Local/Programs/MiKTeX/fonts/enc/dvips/lm/lm-ec.enc}{C:/Us
ers/bruno/AppData/Local/Programs/MiKTeX/fonts/enc/dvips/lm/lm-ts1.enc}{C:/Users
/bruno/AppData/Local/Programs/MiKTeX/fonts/enc/dvips/lm/lm-mathex.enc}<C:/Users
/bruno/AppData/Local/Programs/MiKTeX/fonts/type1/public/amsfonts/latxfont/line1
0.pfb><C:/Users/bruno/AppData/Local/Programs/MiKTeX/fonts/type1/public/lm/lmbx1
0.pfb><C:/Users/bruno/AppData/Local/Programs/MiKTeX/fonts/type1/public/lm/lmbx1
2.pfb><C:/Users/bruno/AppData/Local/Programs/MiKTeX/fonts/type1/public/lm/lmbx9
.pfb><C:/Users/bruno/AppData/Local/Programs/MiKTeX/fonts/type1/public/lm/lmcsc1
0.pfb><C:/Users/bruno/AppData/Local/Programs/MiKTeX/fonts/type1/public/lm/lmex1
0.pfb><C:/Users/bruno/AppData/Local/Programs/MiKTeX/fonts/type1/public/lm/lmmi1
0.pfb><C:/Users/bruno/AppData/Local/Programs/MiKTeX/fonts/type1/public/lm/lmmi1
2.pfb><C:/Users/bruno/AppData/Local/Programs/MiKTeX/fonts/type1/public/lm/lmmi5
.pfb><C:/Users/bruno/AppData/Local/Programs/MiKTeX/fonts/type1/public/lm/lmmi6.
pfb><C:/Users/bruno/AppData/Local/Programs/MiKTeX/fonts/type1/public/lm/lmmi8.p
fb><C:/Users/bruno/AppData/Local/Programs/MiKTeX/fonts/type1/public/lm/lmmi9.pf
b><C:/Users/bruno/AppData/Local/Programs/MiKTeX/fonts/type1/public/lm/lmr10.pfb
><C:/Users/bruno/AppData/Local/Programs/MiKTeX/fonts/type1/public/lm/lmr12.pfb>
<C:/Users/bruno/AppData/Local/Programs/MiKTeX/fonts/type1/public/lm/lmr17.pfb><
C:/Users/bruno/AppData/Local/Programs/MiKTeX/fonts/type1/public/lm/lmr5.pfb><C:
/Users/bruno/AppData/Local/Programs/MiKTeX/fonts/type1/public/lm/lmr6.pfb><C:/U
sers/bruno/AppData/Local/Programs/MiKTeX/fonts/type1/public/lm/lmr8.pfb><C:/Use
rs/bruno/AppData/Local/Programs/MiKTeX/fonts/type1/public/lm/lmr9.pfb><C:/Users
/bruno/AppData/Local/Programs/MiKTeX/fonts/type1/public/lm/lmri10.pfb><C:/Users
/bruno/AppData/Local/Programs/MiKTeX/fonts/type1/public/lm/lmro10.pfb><C:/Users
/bruno/AppData/Local/Programs/MiKTeX/fonts/type1/public/lm/lmsy10.pfb><C:/Users
/bruno/AppData/Local/Programs/MiKTeX/fonts/type1/public/lm/lmsy5.pfb><C:/Users/
bruno/AppData/Local/Programs/MiKTeX/fonts/type1/public/lm/lmsy6.pfb><C:/Users/b
runo/AppData/Local/Programs/MiKTeX/fonts/type1/public/lm/lmsy8.pfb><C:/Users/br
uno/AppData/Local/Programs/MiKTeX/fonts/type1/public/lm/lmsy9.pfb><C:/Users/bru
no/AppData/Local/Programs/MiKTeX/fonts/type1/public/amsfonts/symbols/msam10.pfb
><C:/Users/bruno/AppData/Local/Programs/MiKTeX/fonts/type1/public/amsfonts/symb
ols/msam7.pfb><C:/Users/bruno/AppData/Local/Programs/MiKTeX/fonts/type1/public/
amsfonts/symbols/msbm10.pfb><C:/Users/bruno/AppData/Local/Programs/MiKTeX/fonts
/type1/public/rsfs/rsfs10.pfb>
Output written on book_of_proof.pdf (69 pages, 858884 bytes).
PDF statistics:
 1016 PDF objects out of 1200 (max. 8388607)
 230 named destinations out of 1000 (max. 500000)
 559 words of extra memory for PDF output out of 10000 (max. 10000000)

