\BOOKMARK [-1][-]{part.1}{\376\377\000I\000\040\000F\000u\000n\000d\000a\000m\000e\000n\000t\000o\000s}{}% 1
\BOOKMARK [0][-]{chapter.1}{\376\377\000C\000o\000n\000j\000u\000n\000t\000o\000s}{part.1}% 2
\BOOKMARK [1][-]{section.1.1}{\376\377\000I\000n\000t\000r\000o\000d\000u\000\347\000\343\000o}{chapter.1}% 3
\BOOKMARK [1][-]{section.1.2}{\376\377\000P\000r\000o\000d\000u\000t\000o\000\040\000C\000a\000r\000t\000e\000s\000i\000a\000n\000o}{chapter.1}% 4
\BOOKMARK [1][-]{section.1.3}{\376\377\000S\000u\000b\000c\000o\000n\000j\000u\000n\000t\000o\000s}{chapter.1}% 5
\BOOKMARK [1][-]{section.1.4}{\376\377\000C\000o\000n\000j\000u\000n\000t\000o\000\040\000d\000e\000\040\000P\000a\000r\000t\000e\000s}{chapter.1}% 6
\BOOKMARK [1][-]{section.1.5}{\376\377\000U\000n\000i\000\343\000o\000,\000\040\000I\000n\000t\000e\000r\000s\000e\000c\000\347\000\343\000o\000\040\000e\000\040\000D\000i\000f\000e\000r\000e\000n\000\347\000a}{chapter.1}% 7
\BOOKMARK [1][-]{section.1.6}{\376\377\000C\000o\000m\000p\000l\000e\000m\000e\000n\000t\000o}{chapter.1}% 8
\BOOKMARK [1][-]{section.1.7}{\376\377\000D\000i\000a\000g\000r\000a\000m\000a\000s\000\040\000d\000e\000\040\000V\000e\000n\000n}{chapter.1}% 9
\BOOKMARK [1][-]{section.1.8}{\376\377\000C\000o\000n\000j\000u\000n\000t\000o\000s\000\040\000I\000n\000d\000e\000x\000a\000d\000o\000s}{chapter.1}% 10
\BOOKMARK [1][-]{section.1.9}{\376\377\000C\000o\000n\000j\000u\000n\000t\000o\000s\000\040\000q\000u\000e\000\040\000s\000\343\000o\000\040\000S\000i\000s\000t\000e\000m\000a\000s\000\040\000N\000u\000m\000\351\000r\000i\000c\000o\000s}{chapter.1}% 11
\BOOKMARK [1][-]{section.1.10}{\376\377\000O\000\040\000P\000a\000r\000a\000d\000o\000x\000o\000\040\000d\000e\000\040\000R\000u\000s\000s\000e\000l\000l}{chapter.1}% 12
\BOOKMARK [0][-]{chapter.2}{\376\377\000L\000\363\000g\000i\000c\000a}{part.1}% 13
\BOOKMARK [1][-]{section.2.1}{\376\377\000P\000r\000o\000p\000o\000s\000i\000\347\000\365\000e\000s}{chapter.2}% 14
\BOOKMARK [1][-]{section.2.2}{\376\377\000O\000p\000e\000r\000a\000d\000o\000r\000e\000s\000:\000\040\000e\000,\000\040\000o\000u\000,\000\040\000n\000\343\000o}{chapter.2}% 15
\BOOKMARK [1][-]{section.2.3}{\376\377\000P\000r\000o\000p\000o\000s\000i\000\347\000\365\000e\000s\000\040\000C\000o\000n\000d\000i\000c\000i\000o\000n\000a\000i\000s}{chapter.2}% 16
\BOOKMARK [1][-]{section.2.4}{\376\377\000P\000r\000o\000p\000o\000s\000i\000\347\000\365\000e\000s\000\040\000B\000i\000c\000o\000n\000d\000i\000c\000i\000o\000n\000a\000i\000s}{chapter.2}% 17
\BOOKMARK [1][-]{section.2.5}{\376\377\000T\000a\000b\000e\000l\000a\000s\000-\000V\000e\000r\000d\000a\000d\000e\000\040\000p\000a\000r\000a\000\040\000P\000r\000o\000p\000o\000s\000i\000\347\000\365\000e\000s}{chapter.2}% 18
\BOOKMARK [1][-]{section.2.6}{\376\377\000E\000q\000u\000i\000v\000a\000l\000\352\000n\000c\000i\000a\000\040\000L\000\363\000g\000i\000c\000a}{chapter.2}% 19
\BOOKMARK [1][-]{section.2.7}{\376\377\000Q\000u\000a\000n\000t\000i\000f\000i\000c\000a\000d\000o\000r\000e\000s}{chapter.2}% 20
\BOOKMARK [1][-]{section.2.8}{\376\377\000U\000m\000\040\000p\000o\000u\000c\000o\000\040\000m\000a\000i\000s\000\040\000d\000e\000\040\000P\000r\000o\000p\000o\000s\000i\000\347\000\365\000e\000s\000\040\000C\000o\000n\000d\000i\000c\000i\000o\000n\000a\000i\000s}{chapter.2}% 21
\BOOKMARK [1][-]{section.2.9}{\376\377\000T\000r\000a\000d\000u\000z\000i\000n\000d\000o\000\040\000P\000o\000r\000t\000u\000g\000u\000\352\000s\000\040\000p\000a\000r\000a\000\040\000L\000\363\000g\000i\000c\000a\000\040\000S\000i\000m\000b\000\363\000l\000i\000c\000a}{chapter.2}% 22
\BOOKMARK [1][-]{section.2.10}{\376\377\000N\000e\000g\000a\000n\000d\000o\000\040\000P\000r\000o\000p\000o\000s\000i\000\347\000\365\000e\000s}{chapter.2}% 23
\BOOKMARK [1][-]{section.2.11}{\376\377\000I\000n\000f\000e\000r\000\352\000n\000c\000i\000a\000\040\000L\000\363\000g\000i\000c\000a}{chapter.2}% 24
\BOOKMARK [1][-]{section.2.12}{\376\377\000N\000o\000t\000a\000\040\000I\000m\000p\000o\000r\000t\000a\000n\000t\000e}{chapter.2}% 25
\BOOKMARK [0][-]{chapter.3}{\376\377\000C\000o\000n\000t\000a\000g\000e\000m}{part.1}% 26
\BOOKMARK [1][-]{section.3.1}{\376\377\000L\000i\000s\000t\000a\000s}{chapter.3}% 27
\BOOKMARK [1][-]{section.3.2}{\376\377\000O\000\040\000P\000r\000i\000n\000c\000\355\000p\000i\000o\000\040\000d\000a\000\040\000M\000u\000l\000t\000i\000p\000l\000i\000c\000a\000\347\000\343\000o}{chapter.3}% 28
\BOOKMARK [1][-]{section.3.3}{\376\377\000O\000s\000\040\000P\000r\000i\000n\000c\000\355\000p\000i\000o\000s\000\040\000d\000a\000\040\000A\000d\000i\000\347\000\343\000o\000\040\000e\000\040\000S\000u\000b\000t\000r\000a\000\347\000\343\000o}{chapter.3}% 29
\BOOKMARK [1][-]{section.3.4}{\376\377\000F\000a\000t\000o\000r\000i\000a\000i\000s\000\040\000e\000\040\000P\000e\000r\000m\000u\000t\000a\000\347\000\365\000e\000s}{chapter.3}% 30
\BOOKMARK [1][-]{section.3.5}{\376\377\000C\000o\000n\000t\000a\000n\000d\000o\000\040\000S\000u\000b\000c\000o\000n\000j\000u\000n\000t\000o\000s}{chapter.3}% 31
\BOOKMARK [1][-]{section.3.6}{\376\377\000O\000\040\000T\000r\000i\000\342\000n\000g\000u\000l\000o\000\040\000d\000e\000\040\000P\000a\000s\000c\000a\000l\000\040\000e\000\040\000O\000\040\000T\000e\000o\000r\000e\000m\000a\000\040\000B\000i\000n\000o\000m\000i\000a\000l}{chapter.3}% 32
\BOOKMARK [1][-]{section.3.7}{\376\377\000O\000\040\000P\000r\000i\000n\000c\000\355\000p\000i\000o\000\040\000d\000a\000\040\000I\000n\000c\000l\000u\000s\000\343\000o\000-\000E\000x\000c\000l\000u\000s\000\343\000o}{chapter.3}% 33
\BOOKMARK [1][-]{section.3.8}{\376\377\000C\000o\000n\000t\000a\000n\000d\000o\000\040\000M\000u\000l\000t\000i\000c\000o\000n\000j\000u\000n\000t\000o\000s}{chapter.3}% 34
\BOOKMARK [1][-]{section.3.9}{\376\377\000O\000s\000\040\000P\000r\000i\000n\000c\000\355\000p\000i\000o\000s\000\040\000d\000a\000\040\000D\000i\000v\000i\000s\000\343\000o\000\040\000e\000\040\000d\000a\000\040\000C\000a\000s\000a\000\040\000d\000o\000s\000\040\000P\000o\000m\000b\000o\000s}{chapter.3}% 35
\BOOKMARK [1][-]{section.3.10}{\376\377\000P\000r\000o\000v\000a\000\040\000C\000o\000m\000b\000i\000n\000a\000t\000o\000r\000i\000a\000l}{chapter.3}% 36
\BOOKMARK [-1][-]{part.2}{\376\377\000I\000I\000\040\000C\000o\000m\000o\000\040\000P\000r\000o\000v\000a\000r\000\040\000A\000f\000i\000r\000m\000a\000\347\000\365\000e\000s\000\040\000C\000o\000n\000d\000i\000c\000i\000o\000n\000a\000i\000s}{}% 37
\BOOKMARK [0][-]{chapter.4}{\376\377\000P\000r\000o\000v\000a\000\040\000D\000i\000r\000e\000t\000a}{part.2}% 38
\BOOKMARK [1][-]{section.4.1}{\376\377\000T\000e\000o\000r\000e\000m\000a\000s}{chapter.4}% 39
\BOOKMARK [1][-]{section.4.2}{\376\377\000D\000e\000f\000i\000n\000i\000\347\000\365\000e\000s}{chapter.4}% 40
\BOOKMARK [1][-]{section.4.3}{\376\377\000P\000r\000o\000v\000a\000\040\000D\000i\000r\000e\000t\000a}{chapter.4}% 41
\BOOKMARK [1][-]{section.4.4}{\376\377\000U\000s\000o\000\040\000d\000e\000\040\000c\000a\000s\000o\000s}{chapter.4}% 42
\BOOKMARK [1][-]{section.4.5}{\376\377\000T\000r\000a\000t\000a\000m\000e\000n\000t\000o\000\040\000d\000e\000\040\000C\000a\000s\000o\000s\000\040\000S\000e\000m\000e\000l\000h\000a\000n\000t\000e\000s}{chapter.4}% 43
\BOOKMARK [0][-]{chapter.5}{\376\377\000P\000r\000o\000v\000a\000\040\000C\000o\000n\000t\000r\000a\000-\000p\000o\000s\000i\000t\000i\000v\000a}{part.2}% 44
\BOOKMARK [1][-]{section.5.1}{\376\377\000P\000r\000o\000v\000a\000\040\000C\000o\000n\000t\000r\000a\000p\000o\000s\000i\000t\000i\000v\000a}{chapter.5}% 45
\BOOKMARK [1][-]{section.5.2}{\376\377\000C\000o\000n\000g\000r\000u\000\352\000n\000c\000i\000a\000\040\000d\000o\000s\000\040\000I\000n\000t\000e\000i\000r\000o\000s}{chapter.5}% 46
\BOOKMARK [1][-]{section.5.3}{\376\377\000A\000\040\000E\000s\000c\000r\000i\000t\000a\000\040\000M\000a\000t\000e\000m\000\341\000t\000i\000c\000a}{chapter.5}% 47
\BOOKMARK [0][-]{chapter.6}{\376\377\000P\000r\000o\000v\000a\000\040\000p\000o\000r\000\040\000C\000o\000n\000t\000r\000a\000d\000i\000\347\000\343\000o}{part.2}% 48
\BOOKMARK [1][-]{section.6.1}{\376\377\000P\000r\000o\000v\000a\000n\000d\000o\000\040\000A\000f\000i\000r\000m\000a\000\347\000\365\000e\000s\000\040\000c\000o\000m\000\040\000C\000o\000n\000t\000r\000a\000d\000i\000\347\000\343\000o}{chapter.6}% 49
\BOOKMARK [1][-]{section.6.2}{\376\377\000P\000r\000o\000v\000a\000n\000d\000o\000\040\000A\000f\000i\000r\000m\000a\000\347\000\365\000e\000s\000\040\000C\000o\000n\000d\000i\000c\000i\000o\000n\000a\000i\000s\000\040\000p\000o\000r\000\040\000C\000o\000n\000t\000r\000a\000d\000i\000\347\000\343\000o}{chapter.6}% 50
\BOOKMARK [1][-]{section.6.3}{\376\377\000C\000o\000m\000b\000i\000n\000a\000n\000d\000o\000\040\000T\000\351\000c\000n\000i\000c\000a\000s}{chapter.6}% 51
\BOOKMARK [1][-]{section.6.4}{\376\377\000U\000m\000a\000\040\000A\000d\000v\000e\000r\000t\000\352\000n\000c\000i\000a}{chapter.6}% 52
\BOOKMARK [-1][-]{part.3}{\376\377\000I\000I\000I\000\040\000M\000a\000i\000s\000\040\000S\000o\000b\000r\000e\000\040\000P\000r\000o\000v\000a\000s}{}% 53
\BOOKMARK [0][-]{chapter.7}{\376\377\000P\000r\000o\000v\000a\000\040\000d\000e\000\040\000A\000f\000i\000r\000m\000a\000\347\000\365\000e\000s\000\040\000N\000\343\000o\000-\000C\000o\000n\000d\000i\000c\000i\000o\000n\000a\000i\000s}{part.3}% 54
\BOOKMARK [1][-]{section.7.1}{\376\377\000P\000r\000o\000v\000a\000\040\000d\000e\000\040\000S\000e\000,\000\040\000e\000\040\000s\000o\000m\000e\000n\000t\000e\000\040\000s\000e}{chapter.7}% 55
\BOOKMARK [1][-]{section.7.2}{\376\377\000A\000f\000i\000r\000m\000a\000\347\000\365\000e\000s\000\040\000e\000q\000u\000i\000v\000a\000l\000e\000n\000t\000e\000s}{chapter.7}% 56
\BOOKMARK [1][-]{section.7.3}{\376\377\000P\000r\000o\000v\000a\000s\000\040\000d\000e\000\040\000E\000x\000i\000s\000t\000\352\000n\000c\000i\000a\000;\000\040\000P\000r\000o\000v\000a\000s\000\040\000d\000e\000\040\000e\000x\000i\000s\000t\000\352\000n\000c\000i\000a\000\040\000e\000\040\000u\000n\000i\000c\000i\000d\000a\000d\000e}{chapter.7}% 57
\BOOKMARK [1][-]{section.7.4}{\376\377\000P\000r\000o\000v\000a\000s\000\040\000c\000o\000n\000t\000r\000a\000t\000i\000v\000a\000s\000\040\000e\000\040\000n\000\343\000o\000\040\000c\000o\000n\000s\000t\000r\000u\000t\000i\000v\000a\000s}{chapter.7}% 58
\BOOKMARK [0][-]{chapter.8}{\376\377\000P\000r\000o\000v\000a\000s\000\040\000E\000n\000v\000o\000l\000v\000e\000n\000d\000o\000\040\000C\000o\000n\000j\000u\000n\000t\000o\000s}{part.3}% 59
\BOOKMARK [1][-]{section.8.1}{\376\377\000C\000o\000m\000o\000\040\000p\000r\000o\000v\000a\000r\000\040\000q\000u\000e\000\040\000\040\000a\000\040\000A\000\040}{chapter.8}% 60
\BOOKMARK [1][-]{section.8.2}{\376\377\000C\000o\000m\000o\000\040\000p\000r\000o\000v\000a\000r\000\040\000q\000u\000e\000\040\000A\000\040\000B}{chapter.8}% 61
\BOOKMARK [0][-]{chapter.9}{\376\377\000C\000o\000n\000t\000r\000a\000p\000r\000o\000v\000a}{part.3}% 62
\BOOKMARK [0][-]{chapter.10}{\376\377\000I\000n\000d\000u\000\347\000\343\000o\000\040\000M\000a\000t\000e\000m\000\341\000t\000i\000c\000a}{part.3}% 63
\BOOKMARK [-1][-]{part.4}{\376\377\000I\000V\000\040\000R\000e\000l\000a\000\347\000\365\000e\000s\000,\000\040\000F\000u\000n\000\347\000\365\000e\000s\000\040\000e\000\040\000C\000a\000r\000d\000i\000n\000a\000l\000i\000d\000a\000d\000e}{}% 64
\BOOKMARK [0][-]{chapter.11}{\376\377\000R\000e\000l\000a\000\347\000\365\000e\000s}{part.4}% 65
\BOOKMARK [0][-]{chapter.12}{\376\377\000F\000u\000n\000\347\000\365\000e\000s}{part.4}% 66
\BOOKMARK [0][-]{chapter.13}{\376\377\000P\000r\000o\000v\000a\000s\000\040\000c\000o\000m\000\040\000C\000\341\000l\000c\000u\000l\000o\000\040\000I\000n\000f\000i\000n\000i\000t\000e\000s\000i\000m\000a\000l}{part.4}% 67
\BOOKMARK [0][-]{chapter.14}{\376\377\000C\000a\000r\000d\000i\000n\000a\000l\000i\000d\000a\000d\000e\000\040\000d\000e\000\040\000C\000o\000n\000j\000u\000n\000t\000o\000s}{part.4}% 68
